<?xml version="1.0" encoding="UTF-8"?>
<coverage generated="1702978160741" clover="3.2.0">
  <project timestamp="1702978160741" name="All files">
    <metrics statements="55" coveredstatements="31" conditionals="12" coveredconditionals="5" methods="23" coveredmethods="9" elements="90" coveredelements="45" complexity="0" loc="55" ncloc="55" packages="6" files="8" classes="8"/>
    <package name="components.Home_Page">
      <metrics statements="2" coveredstatements="2" conditionals="0" coveredconditionals="0" methods="1" coveredmethods="1"/>
      <file name="About.js" path="C:\Users\HP\Desktop\React-Learnings\src\components\Home_Page\About.js">
        <metrics statements="2" coveredstatements="2" conditionals="0" coveredconditionals="0" methods="1" coveredmethods="1"/>
        <line num="1" count="1" type="stmt"/>
        <line num="2" count="1" type="stmt"/>
      </file>
    </package>
    <package name="components.Navbar">
      <metrics statements="6" coveredstatements="6" conditionals="4" coveredconditionals="2" methods="3" coveredmethods="3"/>
      <file name="Header.js" path="C:\Users\HP\Desktop\React-Learnings\src\components\Navbar\Header.js">
        <metrics statements="6" coveredstatements="6" conditionals="4" coveredconditionals="2" methods="3" coveredmethods="3"/>
        <line num="6" count="1" type="stmt"/>
        <line num="7" count="4" type="stmt"/>
        <line num="8" count="4" type="stmt"/>
        <line num="9" count="7" type="stmt"/>
        <line num="11" count="4" type="stmt"/>
        <line num="31" count="1" type="cond" truecount="1" falsecount="1"/>
      </file>
    </package>
    <package name="components.Restaurant_Menu">
      <metrics statements="5" coveredstatements="4" conditionals="2" coveredconditionals="2" methods="3" coveredmethods="2"/>
      <file name="CuisineInfo.js" path="C:\Users\HP\Desktop\React-Learnings\src\components\Restaurant_Menu\CuisineInfo.js">
        <metrics statements="5" coveredstatements="4" conditionals="2" coveredconditionals="2" methods="3" coveredmethods="2"/>
        <line num="9" count="1" type="stmt"/>
        <line num="10" count="1" type="stmt"/>
        <line num="12" count="1" type="stmt"/>
        <line num="15" count="4" type="stmt"/>
        <line num="33" count="0" type="stmt"/>
      </file>
    </package>
    <package name="utils">
      <metrics statements="6" coveredstatements="6" conditionals="0" coveredconditionals="0" methods="0" coveredmethods="0"/>
      <file name="constant.js" path="C:\Users\HP\Desktop\React-Learnings\src\utils\constant.js">
        <metrics statements="6" coveredstatements="6" conditionals="0" coveredconditionals="0" methods="0" coveredmethods="0"/>
        <line num="1" count="1" type="stmt"/>
        <line num="3" count="1" type="stmt"/>
        <line num="5" count="1" type="stmt"/>
        <line num="7" count="1" type="stmt"/>
        <line num="10" count="1" type="stmt"/>
        <line num="12" count="1" type="stmt"/>
      </file>
    </package>
    <package name="utils.Hooks">
      <metrics statements="8" coveredstatements="8" conditionals="0" coveredconditionals="0" methods="5" coveredmethods="3"/>
      <file name="useUserNetwork.js" path="C:\Users\HP\Desktop\React-Learnings\src\utils\Hooks\useUserNetwork.js">
        <metrics statements="8" coveredstatements="8" conditionals="0" coveredconditionals="0" methods="5" coveredmethods="3"/>
        <line num="3" count="1" type="stmt"/>
        <line num="4" count="4" type="stmt"/>
        <line num="6" count="4" type="stmt"/>
        <line num="7" count="3" type="stmt"/>
        <line num="10" count="4" type="stmt"/>
        <line num="11" count="3" type="stmt"/>
        <line num="12" count="3" type="stmt"/>
        <line num="15" count="4" type="stmt"/>
      </file>
    </package>
    <package name="utils.Redux">
      <metrics statements="28" coveredstatements="5" conditionals="6" coveredconditionals="1" methods="11" coveredmethods="0"/>
      <file name="Store.js" path="C:\Users\HP\Desktop\React-Learnings\src\utils\Redux\Store.js">
        <metrics statements="1" coveredstatements="1" conditionals="0" coveredconditionals="0" methods="0" coveredmethods="0"/>
        <line num="5" count="2" type="stmt"/>
      </file>
      <file name="cartSlice.js" path="C:\Users\HP\Desktop\React-Learnings\src\utils\Redux\cartSlice.js">
        <metrics statements="19" coveredstatements="2" conditionals="6" coveredconditionals="1" methods="8" coveredmethods="0"/>
        <line num="3" count="2" type="stmt"/>
        <line num="13" count="0" type="stmt"/>
        <line num="14" count="0" type="stmt"/>
        <line num="17" count="0" type="cond" truecount="0" falsecount="2"/>
        <line num="18" count="0" type="stmt"/>
        <line num="20" count="0" type="stmt"/>
        <line num="27" count="0" type="stmt"/>
        <line num="30" count="0" type="stmt"/>
        <line num="32" count="0" type="cond" truecount="0" falsecount="2"/>
        <line num="33" count="0" type="stmt"/>
        <line num="35" count="0" type="stmt"/>
        <line num="36" count="0" type="stmt"/>
        <line num="39" count="0" type="stmt"/>
        <line num="42" count="0" type="stmt"/>
        <line num="43" count="0" type="stmt"/>
        <line num="46" count="0" type="stmt"/>
        <line num="47" count="0" type="stmt"/>
        <line num="50" count="0" type="stmt"/>
        <line num="56" count="2" type="stmt"/>
      </file>
      <file name="userLocationSlice.js" path="C:\Users\HP\Desktop\React-Learnings\src\utils\Redux\userLocationSlice.js">
        <metrics statements="8" coveredstatements="2" conditionals="0" coveredconditionals="0" methods="3" coveredmethods="0"/>
        <line num="3" count="2" type="stmt"/>
        <line num="14" count="0" type="stmt"/>
        <line num="15" count="0" type="stmt"/>
        <line num="18" count="0" type="stmt"/>
        <line num="19" count="0" type="stmt"/>
        <line num="22" count="0" type="stmt"/>
        <line num="23" count="0" type="stmt"/>
        <line num="28" count="2" type="stmt"/>
      </file>
    </package>
  </project>
</coverage>
