{"C:\\Users\\HP\\Desktop\\React-Learnings\\src\\components\\Home_Page\\About.js": {"path":"C:\\Users\\HP\\Desktop\\React-Learnings\\src\\components\\Home_Page\\About.js","statementMap":{"0":{"start":{"line":1,"column":14},"end":{"line":7,"column":1}},"1":{"start":{"line":2,"column":2},"end":{"line":6,"column":4}}},"fnMap":{"0":{"name":"(anonymous_0)","decl":{"start":{"line":1,"column":14},"end":{"line":1,"column":15}},"loc":{"start":{"line":1,"column":20},"end":{"line":7,"column":1}},"line":1}},"branchMap":{},"s":{"0":1,"1":1},"f":{"0":1},"b":{},"_coverageSchema":"1a1c01bbd47fc00a2c39e90264f33305004495a9","hash":"b3decc0839f0691b83c533da5f3bd9e972936df7"}
,"C:\\Users\\HP\\Desktop\\React-Learnings\\src\\components\\Navbar\\Header.js": {"path":"C:\\Users\\HP\\Desktop\\React-Learnings\\src\\components\\Navbar\\Header.js","statementMap":{"0":{"start":{"line":6,"column":15},"end":{"line":41,"column":1}},"1":{"start":{"line":7,"column":40},"end":{"line":7,"column":57}},"2":{"start":{"line":8,"column":27},"end":{"line":8,"column":43}},"3":{"start":{"line":9,"column":25},"end":{"line":9,"column":70}},"4":{"start":{"line":9,"column":48},"end":{"line":9,"column":69}},"5":{"start":{"line":11,"column":2},"end":{"line":40,"column":4}},"6":{"start":{"line":31,"column":12},"end":{"line":33,"column":40}}},"fnMap":{"0":{"name":"(anonymous_0)","decl":{"start":{"line":6,"column":15},"end":{"line":6,"column":16}},"loc":{"start":{"line":6,"column":21},"end":{"line":41,"column":1}},"line":6},"1":{"name":"(anonymous_1)","decl":{"start":{"line":9,"column":37},"end":{"line":9,"column":38}},"loc":{"start":{"line":9,"column":48},"end":{"line":9,"column":69}},"line":9},"2":{"name":"(anonymous_2)","decl":{"start":{"line":30,"column":19},"end":{"line":30,"column":20}},"loc":{"start":{"line":30,"column":25},"end":{"line":34,"column":11}},"line":30}},"branchMap":{"0":{"loc":{"start":{"line":22,"column":21},"end":{"line":22,"column":60}},"type":"cond-expr","locations":[{"start":{"line":22,"column":40},"end":{"line":22,"column":48}},{"start":{"line":22,"column":51},"end":{"line":22,"column":60}}],"line":22},"1":{"loc":{"start":{"line":31,"column":12},"end":{"line":33,"column":39}},"type":"cond-expr","locations":[{"start":{"line":32,"column":16},"end":{"line":32,"column":41}},{"start":{"line":33,"column":16},"end":{"line":33,"column":39}}],"line":31}},"s":{"0":1,"1":4,"2":4,"3":4,"4":7,"5":4,"6":1},"f":{"0":4,"1":7,"2":1},"b":{"0":[4,0],"1":[1,0]},"_coverageSchema":"1a1c01bbd47fc00a2c39e90264f33305004495a9","hash":"5bfe26c3203e6b0d2cfeeb13dbbc0da38baa0bd2"}
,"C:\\Users\\HP\\Desktop\\React-Learnings\\src\\components\\Restaurant_Menu\\CuisineInfo.js": {"path":"C:\\Users\\HP\\Desktop\\React-Learnings\\src\\components\\Restaurant_Menu\\CuisineInfo.js","statementMap":{"0":{"start":{"line":9,"column":20},"end":{"line":43,"column":1}},"1":{"start":{"line":10,"column":19},"end":{"line":10,"column":32}},"2":{"start":{"line":12,"column":2},"end":{"line":42,"column":4}},"3":{"start":{"line":15,"column":6},"end":{"line":40,"column":12}},"4":{"start":{"line":33,"column":16},"end":{"line":33,"column":47}}},"fnMap":{"0":{"name":"(anonymous_0)","decl":{"start":{"line":9,"column":20},"end":{"line":9,"column":21}},"loc":{"start":{"line":9,"column":39},"end":{"line":43,"column":1}},"line":9},"1":{"name":"(anonymous_1)","decl":{"start":{"line":14,"column":18},"end":{"line":14,"column":19}},"loc":{"start":{"line":15,"column":6},"end":{"line":40,"column":12}},"line":15},"2":{"name":"(anonymous_2)","decl":{"start":{"line":32,"column":23},"end":{"line":32,"column":24}},"loc":{"start":{"line":32,"column":29},"end":{"line":34,"column":15}},"line":32}},"branchMap":{"0":{"loc":{"start":{"line":13,"column":4},"end":{"line":41,"column":6}},"type":"binary-expr","locations":[{"start":{"line":13,"column":4},"end":{"line":13,"column":13}},{"start":{"line":14,"column":4},"end":{"line":41,"column":6}}],"line":13}},"s":{"0":1,"1":1,"2":1,"3":4,"4":0},"f":{"0":1,"1":4,"2":0},"b":{"0":[1,1]},"_coverageSchema":"1a1c01bbd47fc00a2c39e90264f33305004495a9","hash":"cacbdbb1fef6e19e5924eab19cde24fdc42cce0e"}
,"C:\\Users\\HP\\Desktop\\React-Learnings\\src\\utils\\constant.js": {"path":"C:\\Users\\HP\\Desktop\\React-Learnings\\src\\utils\\constant.js","statementMap":{"0":{"start":{"line":1,"column":20},"end":{"line":1,"column":70}},"1":{"start":{"line":3,"column":20},"end":{"line":3,"column":81}},"2":{"start":{"line":5,"column":36},"end":{"line":5,"column":119}},"3":{"start":{"line":7,"column":35},"end":{"line":7,"column":158}},"4":{"start":{"line":10,"column":2},"end":{"line":10,"column":97}},"5":{"start":{"line":12,"column":29},"end":{"line":12,"column":91}}},"fnMap":{},"branchMap":{},"s":{"0":1,"1":1,"2":1,"3":1,"4":1,"5":1},"f":{},"b":{},"_coverageSchema":"1a1c01bbd47fc00a2c39e90264f33305004495a9","hash":"44c6f148dabdd11c19f9dd3a9cd3afe076f625af"}
,"C:\\Users\\HP\\Desktop\\React-Learnings\\src\\utils\\Hooks\\useUserNetwork.js": {"path":"C:\\Users\\HP\\Desktop\\React-Learnings\\src\\utils\\Hooks\\useUserNetwork.js","statementMap":{"0":{"start":{"line":3,"column":23},"end":{"line":16,"column":1}},"1":{"start":{"line":4,"column":40},"end":{"line":4,"column":54}},"2":{"start":{"line":6,"column":2},"end":{"line":8,"column":9}},"3":{"start":{"line":7,"column":4},"end":{"line":7,"column":23}},"4":{"start":{"line":10,"column":27},"end":{"line":13,"column":3}},"5":{"start":{"line":11,"column":4},"end":{"line":11,"column":66}},"6":{"start":{"line":11,"column":44},"end":{"line":11,"column":64}},"7":{"start":{"line":12,"column":4},"end":{"line":12,"column":68}},"8":{"start":{"line":12,"column":45},"end":{"line":12,"column":66}},"9":{"start":{"line":15,"column":2},"end":{"line":15,"column":21}}},"fnMap":{"0":{"name":"(anonymous_0)","decl":{"start":{"line":3,"column":23},"end":{"line":3,"column":24}},"loc":{"start":{"line":3,"column":29},"end":{"line":16,"column":1}},"line":3},"1":{"name":"(anonymous_1)","decl":{"start":{"line":6,"column":12},"end":{"line":6,"column":13}},"loc":{"start":{"line":6,"column":18},"end":{"line":8,"column":3}},"line":6},"2":{"name":"(anonymous_2)","decl":{"start":{"line":10,"column":27},"end":{"line":10,"column":28}},"loc":{"start":{"line":10,"column":33},"end":{"line":13,"column":3}},"line":10},"3":{"name":"(anonymous_3)","decl":{"start":{"line":11,"column":38},"end":{"line":11,"column":39}},"loc":{"start":{"line":11,"column":44},"end":{"line":11,"column":64}},"line":11},"4":{"name":"(anonymous_4)","decl":{"start":{"line":12,"column":39},"end":{"line":12,"column":40}},"loc":{"start":{"line":12,"column":45},"end":{"line":12,"column":66}},"line":12}},"branchMap":{},"s":{"0":1,"1":4,"2":4,"3":3,"4":4,"5":3,"6":0,"7":3,"8":0,"9":4},"f":{"0":4,"1":3,"2":3,"3":0,"4":0},"b":{},"_coverageSchema":"1a1c01bbd47fc00a2c39e90264f33305004495a9","hash":"bc11790035aadaf4c5a9de5a66a3c1a8d83f43ed"}
,"C:\\Users\\HP\\Desktop\\React-Learnings\\src\\utils\\Redux\\Store.js": {"path":"C:\\Users\\HP\\Desktop\\React-Learnings\\src\\utils\\Redux\\Store.js","statementMap":{"0":{"start":{"line":5,"column":25},"end":{"line":10,"column":2}}},"fnMap":{},"branchMap":{},"s":{"0":2},"f":{},"b":{},"_coverageSchema":"1a1c01bbd47fc00a2c39e90264f33305004495a9","hash":"241f24c37ddb8d681662b385b413e6b87de697e1"}
,"C:\\Users\\HP\\Desktop\\React-Learnings\\src\\utils\\Redux\\cartSlice.js": {"path":"C:\\Users\\HP\\Desktop\\React-Learnings\\src\\utils\\Redux\\cartSlice.js","statementMap":{"0":{"start":{"line":3,"column":18},"end":{"line":53,"column":2}},"1":{"start":{"line":13,"column":28},"end":{"line":15,"column":7}},"2":{"start":{"line":14,"column":18},"end":{"line":14,"column":51}},"3":{"start":{"line":17,"column":6},"end":{"line":25,"column":7}},"4":{"start":{"line":18,"column":8},"end":{"line":18,"column":33}},"5":{"start":{"line":20,"column":8},"end":{"line":24,"column":11}},"6":{"start":{"line":27,"column":6},"end":{"line":27,"column":69}},"7":{"start":{"line":30,"column":17},"end":{"line":30,"column":78}},"8":{"start":{"line":30,"column":44},"end":{"line":30,"column":77}},"9":{"start":{"line":32,"column":6},"end":{"line":38,"column":7}},"10":{"start":{"line":33,"column":8},"end":{"line":33,"column":22}},"11":{"start":{"line":35,"column":8},"end":{"line":37,"column":10}},"12":{"start":{"line":36,"column":20},"end":{"line":36,"column":53}},"13":{"start":{"line":39,"column":6},"end":{"line":39,"column":69}},"14":{"start":{"line":42,"column":6},"end":{"line":42,"column":29}},"15":{"start":{"line":43,"column":6},"end":{"line":43,"column":43}},"16":{"start":{"line":46,"column":6},"end":{"line":49,"column":8}},"17":{"start":{"line":47,"column":23},"end":{"line":47,"column":50}},"18":{"start":{"line":50,"column":6},"end":{"line":50,"column":40}},"19":{"start":{"line":56,"column":2},"end":{"line":56,"column":19}}},"fnMap":{"0":{"name":"(anonymous_0)","decl":{"start":{"line":12,"column":15},"end":{"line":12,"column":16}},"loc":{"start":{"line":12,"column":34},"end":{"line":28,"column":5}},"line":12},"1":{"name":"(anonymous_1)","decl":{"start":{"line":14,"column":8},"end":{"line":14,"column":9}},"loc":{"start":{"line":14,"column":18},"end":{"line":14,"column":51}},"line":14},"2":{"name":"(anonymous_2)","decl":{"start":{"line":29,"column":27},"end":{"line":29,"column":28}},"loc":{"start":{"line":29,"column":46},"end":{"line":40,"column":5}},"line":29},"3":{"name":"(anonymous_3)","decl":{"start":{"line":30,"column":34},"end":{"line":30,"column":35}},"loc":{"start":{"line":30,"column":44},"end":{"line":30,"column":77}},"line":30},"4":{"name":"(anonymous_4)","decl":{"start":{"line":36,"column":10},"end":{"line":36,"column":11}},"loc":{"start":{"line":36,"column":20},"end":{"line":36,"column":53}},"line":36},"5":{"name":"(anonymous_5)","decl":{"start":{"line":41,"column":15},"end":{"line":41,"column":16}},"loc":{"start":{"line":41,"column":26},"end":{"line":44,"column":5}},"line":41},"6":{"name":"(anonymous_6)","decl":{"start":{"line":45,"column":15},"end":{"line":45,"column":16}},"loc":{"start":{"line":45,"column":26},"end":{"line":51,"column":5}},"line":45},"7":{"name":"(anonymous_7)","decl":{"start":{"line":47,"column":8},"end":{"line":47,"column":9}},"loc":{"start":{"line":47,"column":23},"end":{"line":47,"column":50}},"line":47}},"branchMap":{"0":{"loc":{"start":{"line":6,"column":11},"end":{"line":8,"column":10}},"type":"cond-expr","locations":[{"start":{"line":7,"column":8},"end":{"line":7,"column":53}},{"start":{"line":8,"column":8},"end":{"line":8,"column":10}}],"line":6},"1":{"loc":{"start":{"line":17,"column":6},"end":{"line":25,"column":7}},"type":"if","locations":[{"start":{"line":17,"column":6},"end":{"line":25,"column":7}},{"start":{"line":19,"column":13},"end":{"line":25,"column":7}}],"line":17},"2":{"loc":{"start":{"line":32,"column":6},"end":{"line":38,"column":7}},"type":"if","locations":[{"start":{"line":32,"column":6},"end":{"line":38,"column":7}},{"start":{"line":34,"column":13},"end":{"line":38,"column":7}}],"line":32}},"s":{"0":2,"1":0,"2":0,"3":0,"4":0,"5":0,"6":0,"7":0,"8":0,"9":0,"10":0,"11":0,"12":0,"13":0,"14":0,"15":0,"16":0,"17":0,"18":0,"19":2},"f":{"0":0,"1":0,"2":0,"3":0,"4":0,"5":0,"6":0,"7":0},"b":{"0":[0,2],"1":[0,0],"2":[0,0]},"_coverageSchema":"1a1c01bbd47fc00a2c39e90264f33305004495a9","hash":"cdf64cf692515ad2a1a70d90b871f4f6fab4f10b"}
,"C:\\Users\\HP\\Desktop\\React-Learnings\\src\\utils\\Redux\\userLocationSlice.js": {"path":"C:\\Users\\HP\\Desktop\\React-Learnings\\src\\utils\\Redux\\userLocationSlice.js","statementMap":{"0":{"start":{"line":3,"column":26},"end":{"line":26,"column":2}},"1":{"start":{"line":14,"column":6},"end":{"line":14,"column":61}},"2":{"start":{"line":15,"column":6},"end":{"line":15,"column":41}},"3":{"start":{"line":18,"column":6},"end":{"line":18,"column":61}},"4":{"start":{"line":19,"column":6},"end":{"line":19,"column":41}},"5":{"start":{"line":22,"column":6},"end":{"line":22,"column":53}},"6":{"start":{"line":23,"column":6},"end":{"line":23,"column":37}},"7":{"start":{"line":28,"column":46},"end":{"line":28,"column":71}}},"fnMap":{"0":{"name":"(anonymous_0)","decl":{"start":{"line":13,"column":12},"end":{"line":13,"column":13}},"loc":{"start":{"line":13,"column":31},"end":{"line":16,"column":5}},"line":13},"1":{"name":"(anonymous_1)","decl":{"start":{"line":17,"column":12},"end":{"line":17,"column":13}},"loc":{"start":{"line":17,"column":31},"end":{"line":20,"column":5}},"line":17},"2":{"name":"(anonymous_2)","decl":{"start":{"line":21,"column":16},"end":{"line":21,"column":17}},"loc":{"start":{"line":21,"column":35},"end":{"line":24,"column":5}},"line":21}},"branchMap":{},"s":{"0":2,"1":0,"2":0,"3":0,"4":0,"5":0,"6":0,"7":2},"f":{"0":0,"1":0,"2":0},"b":{},"_coverageSchema":"1a1c01bbd47fc00a2c39e90264f33305004495a9","hash":"ccabddcf287f4376dcc6a56a9347fd00e6cfc781"}
}
